{"uuid":"0ef8d941-81d5-4a54-bb4d-b707b4ad873a","name":"Tests.TC02_LandingTest","children":["d662dc93-8106-4b2f-93f4-bc8c16d015d4","d713eef0-05a8-4d6f-9363-1eb26dfce23b","be4193a3-d1dc-43a3-95e6-5a18d9f1d487","23727a43-e2c2-4fe6-af62-5d892315f1e7","5877dabf-649f-46b1-a563-99f67bf1198d","1f40cfc2-0c80-450d-aa45-64ded4dfdbfa","b808b2d9-3670-4884-b583-aa7807cb909f","7dccfc15-b931-412d-a510-454fc48aa57d","0c8dfca5-b6f3-4511-8bbf-671007cca1c3","23a2e74c-c87b-4be1-871f-a7b11d55fb9a","f0191955-a5b0-4b7d-8f9d-8572b2ed2a07"],"befores":[{"name":"login","status":"broken","statusDetails":{"known":false,"muted":false,"flaky":false,"message":"Unable to obtain: Capabilities {browserName: MicrosoftEdge, ms:edgeOptions: {args: [--start-maximized], extensions: []}}, error Command failed with code: 65, executed: [--browser, MicrosoftEdge, --language-binding, java, --output, json]\nerror sending request for url (https://msedgedriver.azureedge.net/LATEST_RELEASE_139_WINDOWS): error trying to connect: dns error: No such host is known. (os error 11001)\nBuild info: version: '4.18.1', revision: 'b1d3319b48'\nSystem info: os.name: 'Windows 11', os.arch: 'amd64', os.version: '10.0', java.version: '24.0.1'\nDriver info: driver.version: EdgeDriver","trace":"org.openqa.selenium.remote.NoSuchDriverException: Unable to obtain: Capabilities {browserName: MicrosoftEdge, ms:edgeOptions: {args: [--start-maximized], extensions: []}}, error Command failed with code: 65, executed: [--browser, MicrosoftEdge, --language-binding, java, --output, json]\nerror sending request for url (https://msedgedriver.azureedge.net/LATEST_RELEASE_139_WINDOWS): error trying to connect: dns error: No such host is known. (os error 11001)\nBuild info: version: '4.18.1', revision: 'b1d3319b48'\nSystem info: os.name: 'Windows 11', os.arch: 'amd64', os.version: '10.0', java.version: '24.0.1'\nDriver info: driver.version: EdgeDriver\r\n\tat org.openqa.selenium.remote.service.DriverFinder.getPath(DriverFinder.java:48)\r\n\tat org.openqa.selenium.remote.service.DriverFinder.getPath(DriverFinder.java:33)\r\n\tat org.openqa.selenium.edge.EdgeDriver.generateExecutor(EdgeDriver.java:71)\r\n\tat org.openqa.selenium.edge.EdgeDriver.<init>(EdgeDriver.java:61)\r\n\tat org.openqa.selenium.edge.EdgeDriver.<init>(EdgeDriver.java:57)\r\n\tat org.openqa.selenium.edge.EdgeDriver.<init>(EdgeDriver.java:49)\r\n\tat DriverFactory.DriverFactory.setupDriver(DriverFactory.java:28)\r\n\tat Tests.TC02_LandingTest.login(TC02_LandingTest.java:31)\r\n\tat java.base/jdk.internal.reflect.DirectMethodHandleAccessor.invoke(DirectMethodHandleAccessor.java:104)\r\n\tat java.base/java.lang.reflect.Method.invoke(Method.java:565)\r\n\tat org.testng.internal.invokers.MethodInvocationHelper.invokeMethod(MethodInvocationHelper.java:139)\r\n\tat org.testng.internal.invokers.MethodInvocationHelper.invokeMethodConsideringTimeout(MethodInvocationHelper.java:69)\r\n\tat org.testng.internal.invokers.ConfigInvoker.invokeConfigurationMethod(ConfigInvoker.java:393)\r\n\tat org.testng.internal.invokers.ConfigInvoker.invokeConfigurations(ConfigInvoker.java:326)\r\n\tat org.testng.internal.invokers.TestMethodWorker.invokeBeforeClassMethods(TestMethodWorker.java:180)\r\n\tat org.testng.internal.invokers.TestMethodWorker.run(TestMethodWorker.java:122)\r\n\tat java.base/java.util.ArrayList.forEach(ArrayList.java:1604)\r\n\tat org.testng.TestRunner.privateRun(TestRunner.java:819)\r\n\tat org.testng.TestRunner.run(TestRunner.java:619)\r\n\tat org.testng.SuiteRunner.runTest(SuiteRunner.java:443)\r\n\tat org.testng.SuiteRunner.runSequentially(SuiteRunner.java:437)\r\n\tat org.testng.SuiteRunner.privateRun(SuiteRunner.java:397)\r\n\tat org.testng.SuiteRunner.run(SuiteRunner.java:336)\r\n\tat org.testng.SuiteRunnerWorker.runSuite(SuiteRunnerWorker.java:52)\r\n\tat org.testng.SuiteRunnerWorker.run(SuiteRunnerWorker.java:95)\r\n\tat org.testng.TestNG.runSuitesSequentially(TestNG.java:1301)\r\n\tat org.testng.TestNG.runSuitesLocally(TestNG.java:1228)\r\n\tat org.testng.TestNG.runSuites(TestNG.java:1134)\r\n\tat org.testng.TestNG.run(TestNG.java:1101)\r\n\tat com.intellij.rt.testng.IDEARemoteTestNG.run(IDEARemoteTestNG.java:65)\r\n\tat com.intellij.rt.testng.RemoteTestNGStarter.main(RemoteTestNGStarter.java:105)\r\nCaused by: org.openqa.selenium.WebDriverException: Command failed with code: 65, executed: [--browser, MicrosoftEdge, --language-binding, java, --output, json]\nerror sending request for url (https://msedgedriver.azureedge.net/LATEST_RELEASE_139_WINDOWS): error trying to connect: dns error: No such host is known. (os error 11001)\nBuild info: version: '4.18.1', revision: 'b1d3319b48'\nSystem info: os.name: 'Windows 11', os.arch: 'amd64', os.version: '10.0', java.version: '24.0.1'\nDriver info: driver.version: EdgeDriver\r\n\tat org.openqa.selenium.manager.SeleniumManager.runCommand(SeleniumManager.java:159)\r\n\tat org.openqa.selenium.manager.SeleniumManager.getDriverPath(SeleniumManager.java:303)\r\n\tat org.openqa.selenium.remote.service.DriverFinder.getPath(DriverFinder.java:45)\r\n\t... 30 more\r\n"},"stage":"finished","description":"","steps":[],"attachments":[{"name":"logs.log","source":"3816bef4-cb40-469a-84e1-efbb892d38f6-attachment.txt","type":"text/plain"}],"parameters":[],"start":1755240884553,"stop":1755240886401}],"afters":[{"name":"deleteSession","status":"broken","statusDetails":{"known":false,"muted":false,"flaky":false,"message":"Cannot invoke \"java.util.Set.clear()\" because \"this.cookies\" is null","trace":"java.lang.NullPointerException: Cannot invoke \"java.util.Set.clear()\" because \"this.cookies\" is null\r\n\tat Tests.TC02_LandingTest.deleteSession(TC02_LandingTest.java:84)\r\n\tat java.base/jdk.internal.reflect.DirectMethodHandleAccessor.invoke(DirectMethodHandleAccessor.java:104)\r\n\tat java.base/java.lang.reflect.Method.invoke(Method.java:565)\r\n\tat org.testng.internal.invokers.MethodInvocationHelper.invokeMethod(MethodInvocationHelper.java:139)\r\n\tat org.testng.internal.invokers.MethodInvocationHelper.invokeMethodConsideringTimeout(MethodInvocationHelper.java:69)\r\n\tat org.testng.internal.invokers.ConfigInvoker.invokeConfigurationMethod(ConfigInvoker.java:393)\r\n\tat org.testng.internal.invokers.ConfigInvoker.invokeConfigurations(ConfigInvoker.java:326)\r\n\tat org.testng.internal.invokers.TestMethodWorker.invokeAfterClassConfigurations(TestMethodWorker.java:229)\r\n\tat org.testng.internal.invokers.TestMethodWorker.invokeAfterClassMethods(TestMethodWorker.java:215)\r\n\tat org.testng.internal.invokers.TestMethodWorker.run(TestMethodWorker.java:131)\r\n\tat java.base/java.util.ArrayList.forEach(ArrayList.java:1604)\r\n\tat org.testng.TestRunner.privateRun(TestRunner.java:819)\r\n\tat org.testng.TestRunner.run(TestRunner.java:619)\r\n\tat org.testng.SuiteRunner.runTest(SuiteRunner.java:443)\r\n\tat org.testng.SuiteRunner.runSequentially(SuiteRunner.java:437)\r\n\tat org.testng.SuiteRunner.privateRun(SuiteRunner.java:397)\r\n\tat org.testng.SuiteRunner.run(SuiteRunner.java:336)\r\n\tat org.testng.SuiteRunnerWorker.runSuite(SuiteRunnerWorker.java:52)\r\n\tat org.testng.SuiteRunnerWorker.run(SuiteRunnerWorker.java:95)\r\n\tat org.testng.TestNG.runSuitesSequentially(TestNG.java:1301)\r\n\tat org.testng.TestNG.runSuitesLocally(TestNG.java:1228)\r\n\tat org.testng.TestNG.runSuites(TestNG.java:1134)\r\n\tat org.testng.TestNG.run(TestNG.java:1101)\r\n\tat com.intellij.rt.testng.IDEARemoteTestNG.run(IDEARemoteTestNG.java:65)\r\n\tat com.intellij.rt.testng.RemoteTestNGStarter.main(RemoteTestNGStarter.java:105)\r\n"},"stage":"finished","description":"","steps":[],"attachments":[{"name":"logs.log","source":"0e413617-0964-493b-b936-4c6be3798420-attachment.txt","type":"text/plain"}],"parameters":[],"start":1755240889294,"stop":1755240889323}],"start":1755240876922,"stop":1755240891832}