<?xml version="1.0" encoding="UTF-8"?>
<testng-results ignored="0" total="8" passed="5" failed="3" skipped="0">
  <reporter-output>
  </reporter-output>
  <suite started-at="٢٠٢٥-٠٨-٢٧T١٨:١٦:٠٢ EEST" name="Surefire suite" finished-at="٢٠٢٥-٠٨-٢٧T١٨:١٧:١٥ EEST" duration-ms="73267">
    <groups>
    </groups>
    <test started-at="٢٠٢٥-٠٨-٢٧T١٨:١٦:٠٢ EEST" name="Surefire test" finished-at="٢٠٢٥-٠٨-٢٧T١٨:١٧:١٥ EEST" duration-ms="73267">
      <class name="Tests.TC01LoginTest">
        <test-method is-config="true" signature="setup()[pri:0, instance:Tests.TC01LoginTest@6c4906d3]" started-at="٢٠٢٥-٠٨-٢٧T١٨:١٦:٠٢ EEST" name="setup" finished-at="٢٠٢٥-٠٨-٢٧T١٨:١٦:٠٦ EEST" duration-ms="4068" status="PASS">
          <reporter-output>
          </reporter-output>
        </test-method> <!-- setup -->
        <test-method signature="validLoginTC()[pri:0, instance:Tests.TC01LoginTest@6c4906d3]" started-at="٢٠٢٥-٠٨-٢٧T١٨:١٦:٠٦ EEST" name="validLoginTC" finished-at="٢٠٢٥-٠٨-٢٧T١٨:١٦:٠٧ EEST" duration-ms="878" status="PASS">
          <reporter-output>
          </reporter-output>
        </test-method> <!-- validLoginTC -->
        <test-method is-config="true" signature="quit()[pri:0, instance:Tests.TC01LoginTest@6c4906d3]" started-at="٢٠٢٥-٠٨-٢٧T١٨:١٦:٠٧ EEST" name="quit" finished-at="٢٠٢٥-٠٨-٢٧T١٨:١٦:٠٨ EEST" duration-ms="674" status="PASS">
          <reporter-output>
          </reporter-output>
        </test-method> <!-- quit -->
      </class> <!-- Tests.TC01LoginTest -->
      <class name="Tests.TC06FinishingOrderTest">
        <test-method is-config="true" signature="setup()[pri:0, instance:Tests.TC06FinishingOrderTest@64ec96c6]" started-at="٢٠٢٥-٠٨-٢٧T١٨:١٧:٠٠ EEST" name="setup" finished-at="٢٠٢٥-٠٨-٢٧T١٨:١٧:٠٣ EEST" duration-ms="2502" status="PASS">
          <reporter-output>
          </reporter-output>
        </test-method> <!-- setup -->
        <test-method signature="finishOrderTC()[pri:0, instance:Tests.TC06FinishingOrderTest@64ec96c6]" started-at="٢٠٢٥-٠٨-٢٧T١٨:١٧:٠٣ EEST" name="finishOrderTC" finished-at="٢٠٢٥-٠٨-٢٧T١٨:١٧:١٥ EEST" duration-ms="11621" status="FAIL">
          <exception class="org.openqa.selenium.TimeoutException">
            <message>
              <![CDATA[Expected condition failed: waiting for element to be clickable: By.id: checkout (tried for ٥ second(s) with ٥٠٠ milliseconds interval)
Build info: version: '4.34.0', revision: '707dcb4246*'
System info: os.name: 'Windows 11', os.arch: 'amd64', os.version: '10.0', java.version: '24.0.1'
Driver info: org.openqa.selenium.chrome.ChromeDriver
Capabilities {acceptInsecureCerts: false, browserName: chrome, browserVersion: 139.0.7258.139, chrome: {chromedriverVersion: 139.0.7258.154 (9e0d6b2b47f..., userDataDir: C:\Users\kingston\AppData\L...}, fedcm:accounts: true, goog:chromeOptions: {debuggerAddress: localhost:58229}, networkConnectionEnabled: false, pageLoadStrategy: normal, platformName: windows, proxy: Proxy(), se:cdp: ws://localhost:58229/devtoo..., se:cdpVersion: 139.0.7258.139, setWindowRect: true, strictFileInteractability: false, timeouts: {implicit: 0, pageLoad: 300000, script: 30000}, unhandledPromptBehavior: dismiss and notify, webauthn:extension:credBlob: true, webauthn:extension:largeBlob: true, webauthn:extension:minPinLength: true, webauthn:extension:prf: true, webauthn:virtualAuthenticators: true}
Session ID: 3fd36c8f64b656f10d01f1c9b1f396df]]>
            </message>
            <full-stacktrace>
              <![CDATA[org.openqa.selenium.TimeoutException: Expected condition failed: waiting for element to be clickable: By.id: checkout (tried for ٥ second(s) with ٥٠٠ milliseconds interval)
Build info: version: '4.34.0', revision: '707dcb4246*'
System info: os.name: 'Windows 11', os.arch: 'amd64', os.version: '10.0', java.version: '24.0.1'
Driver info: org.openqa.selenium.chrome.ChromeDriver
Capabilities {acceptInsecureCerts: false, browserName: chrome, browserVersion: 139.0.7258.139, chrome: {chromedriverVersion: 139.0.7258.154 (9e0d6b2b47f..., userDataDir: C:\Users\kingston\AppData\L...}, fedcm:accounts: true, goog:chromeOptions: {debuggerAddress: localhost:58229}, networkConnectionEnabled: false, pageLoadStrategy: normal, platformName: windows, proxy: Proxy(), se:cdp: ws://localhost:58229/devtoo..., se:cdpVersion: 139.0.7258.139, setWindowRect: true, strictFileInteractability: false, timeouts: {implicit: 0, pageLoad: 300000, script: 30000}, unhandledPromptBehavior: dismiss and notify, webauthn:extension:credBlob: true, webauthn:extension:largeBlob: true, webauthn:extension:minPinLength: true, webauthn:extension:prf: true, webauthn:virtualAuthenticators: true}
Session ID: 3fd36c8f64b656f10d01f1c9b1f396df
at org.openqa.selenium.support.ui.WebDriverWait.timeoutException(WebDriverWait.java:84)
at org.openqa.selenium.support.ui.FluentWait.until(FluentWait.java:228)
at Utilities.Utility.clickingOnElement(Utility.java:23)
at Pages.P03_CartPage.clickOnCheckoutButton(P03_CartPage.java:43)
at Tests.TC06FinishingOrderTest.finishOrderTC(TC06FinishingOrderTest.java:53)
at java.base/jdk.internal.reflect.DirectMethodHandleAccessor.invoke(DirectMethodHandleAccessor.java:104)
at java.base/java.lang.reflect.Method.invoke(Method.java:565)
at org.testng.internal.invokers.MethodInvocationHelper.invokeMethod(MethodInvocationHelper.java:141)
at org.testng.internal.invokers.TestInvoker.invokeMethod(TestInvoker.java:687)
at org.testng.internal.invokers.TestInvoker.invokeTestMethod(TestInvoker.java:230)
at org.testng.internal.invokers.MethodRunner.runInSequence(MethodRunner.java:63)
at org.testng.internal.invokers.TestInvoker$MethodInvocationAgent.invoke(TestInvoker.java:995)
at org.testng.internal.invokers.TestInvoker.invokeTestMethods(TestInvoker.java:203)
at org.testng.internal.invokers.TestMethodWorker.invokeTestMethods(TestMethodWorker.java:154)
at org.testng.internal.invokers.TestMethodWorker.run(TestMethodWorker.java:134)
at java.base/java.util.ArrayList.forEach(ArrayList.java:1604)
at org.testng.TestRunner.privateRun(TestRunner.java:741)
at org.testng.TestRunner.run(TestRunner.java:616)
at org.testng.SuiteRunner.runTest(SuiteRunner.java:421)
at org.testng.SuiteRunner.runSequentially(SuiteRunner.java:413)
at org.testng.SuiteRunner.privateRun(SuiteRunner.java:373)
at org.testng.SuiteRunner.run(SuiteRunner.java:312)
at org.testng.SuiteRunnerWorker.runSuite(SuiteRunnerWorker.java:52)
at org.testng.SuiteRunnerWorker.run(SuiteRunnerWorker.java:95)
at org.testng.TestNG.runSuitesSequentially(TestNG.java:1274)
at org.testng.TestNG.runSuitesLocally(TestNG.java:1208)
at org.testng.TestNG.runSuites(TestNG.java:1112)
at org.testng.TestNG.run(TestNG.java:1079)
at org.apache.maven.surefire.testng.TestNGExecutor.run(TestNGExecutor.java:155)
at org.apache.maven.surefire.testng.TestNGDirectoryTestSuite.executeMulti(TestNGDirectoryTestSuite.java:169)
at org.apache.maven.surefire.testng.TestNGDirectoryTestSuite.execute(TestNGDirectoryTestSuite.java:88)
at org.apache.maven.surefire.testng.TestNGProvider.invoke(TestNGProvider.java:137)
at org.apache.maven.surefire.booter.ForkedBooter.runSuitesInProcess(ForkedBooter.java:385)
at org.apache.maven.surefire.booter.ForkedBooter.execute(ForkedBooter.java:162)
at org.apache.maven.surefire.booter.ForkedBooter.run(ForkedBooter.java:507)
at org.apache.maven.surefire.booter.ForkedBooter.main(ForkedBooter.java:495)
]]>
            </full-stacktrace>
          </exception> <!-- org.openqa.selenium.TimeoutException -->
          <reporter-output>
          </reporter-output>
        </test-method> <!-- finishOrderTC -->
        <test-method is-config="true" signature="quit()[pri:0, instance:Tests.TC06FinishingOrderTest@64ec96c6]" started-at="٢٠٢٥-٠٨-٢٧T١٨:١٧:١٥ EEST" name="quit" finished-at="٢٠٢٥-٠٨-٢٧T١٨:١٧:١٥ EEST" duration-ms="494" status="PASS">
          <reporter-output>
          </reporter-output>
        </test-method> <!-- quit -->
      </class> <!-- Tests.TC06FinishingOrderTest -->
      <class name="Tests.TC02LandingTest">
        <test-method is-config="true" signature="login()[pri:0, instance:Tests.TC02LandingTest@38467116]" started-at="٢٠٢٥-٠٨-٢٧T١٨:١٦:٠٨ EEST" name="login" finished-at="٢٠٢٥-٠٨-٢٧T١٨:١٦:١٢ EEST" duration-ms="3734" status="PASS">
          <reporter-output>
          </reporter-output>
        </test-method> <!-- login -->
        <test-method is-config="true" signature="setup()[pri:0, instance:Tests.TC02LandingTest@38467116]" started-at="٢٠٢٥-٠٨-٢٧T١٨:١٦:١٢ EEST" name="setup" finished-at="٢٠٢٥-٠٨-٢٧T١٨:١٦:١٥ EEST" duration-ms="3174" status="PASS">
          <reporter-output>
          </reporter-output>
        </test-method> <!-- setup -->
        <test-method signature="addingRandomProductsToCartTC()[pri:0, instance:Tests.TC02LandingTest@38467116]" started-at="٢٠٢٥-٠٨-٢٧T١٨:١٦:١٥ EEST" name="addingRandomProductsToCartTC" finished-at="٢٠٢٥-٠٨-٢٧T١٨:١٦:١٦ EEST" duration-ms="834" status="PASS">
          <reporter-output>
          </reporter-output>
        </test-method> <!-- addingRandomProductsToCartTC -->
        <test-method is-config="true" signature="quit()[pri:0, instance:Tests.TC02LandingTest@38467116]" started-at="٢٠٢٥-٠٨-٢٧T١٨:١٦:١٦ EEST" name="quit" finished-at="٢٠٢٥-٠٨-٢٧T١٨:١٦:١٦ EEST" duration-ms="350" status="PASS">
          <reporter-output>
          </reporter-output>
        </test-method> <!-- quit -->
        <test-method is-config="true" signature="setup()[pri:0, instance:Tests.TC02LandingTest@38467116]" started-at="٢٠٢٥-٠٨-٢٧T١٨:١٦:١٦ EEST" name="setup" finished-at="٢٠٢٥-٠٨-٢٧T١٨:١٦:٢٠ EEST" duration-ms="3203" status="PASS">
          <reporter-output>
          </reporter-output>
        </test-method> <!-- setup -->
        <test-method signature="checkingNumberOfSelectedProductsTC()[pri:0, instance:Tests.TC02LandingTest@38467116]" started-at="٢٠٢٥-٠٨-٢٧T١٨:١٦:٢٠ EEST" name="checkingNumberOfSelectedProductsTC" finished-at="٢٠٢٥-٠٨-٢٧T١٨:١٦:٢١ EEST" duration-ms="1222" status="PASS">
          <reporter-output>
          </reporter-output>
        </test-method> <!-- checkingNumberOfSelectedProductsTC -->
        <test-method is-config="true" signature="quit()[pri:0, instance:Tests.TC02LandingTest@38467116]" started-at="٢٠٢٥-٠٨-٢٧T١٨:١٦:٢١ EEST" name="quit" finished-at="٢٠٢٥-٠٨-٢٧T١٨:١٦:٢١ EEST" duration-ms="357" status="PASS">
          <reporter-output>
          </reporter-output>
        </test-method> <!-- quit -->
        <test-method is-config="true" signature="setup()[pri:0, instance:Tests.TC02LandingTest@38467116]" started-at="٢٠٢٥-٠٨-٢٧T١٨:١٦:٢١ EEST" name="setup" finished-at="٢٠٢٥-٠٨-٢٧T١٨:١٦:٢٥ EEST" duration-ms="3451" status="PASS">
          <reporter-output>
          </reporter-output>
        </test-method> <!-- setup -->
        <test-method signature="clickOnCartIcon()[pri:0, instance:Tests.TC02LandingTest@38467116]" started-at="٢٠٢٥-٠٨-٢٧T١٨:١٦:٢٥ EEST" name="clickOnCartIcon" finished-at="٢٠٢٥-٠٨-٢٧T١٨:١٦:٢٥ EEST" duration-ms="277" status="PASS">
          <reporter-output>
          </reporter-output>
        </test-method> <!-- clickOnCartIcon -->
        <test-method is-config="true" signature="quit()[pri:0, instance:Tests.TC02LandingTest@38467116]" started-at="٢٠٢٥-٠٨-٢٧T١٨:١٦:٢٥ EEST" name="quit" finished-at="٢٠٢٥-٠٨-٢٧T١٨:١٦:٢٦ EEST" duration-ms="343" status="PASS">
          <reporter-output>
          </reporter-output>
        </test-method> <!-- quit -->
        <test-method is-config="true" signature="deleteSession()[pri:0, instance:Tests.TC02LandingTest@38467116]" started-at="٢٠٢٥-٠٨-٢٧T١٨:١٦:٢٦ EEST" name="deleteSession" finished-at="٢٠٢٥-٠٨-٢٧T١٨:١٦:٢٦ EEST" duration-ms="2" status="PASS">
          <reporter-output>
          </reporter-output>
        </test-method> <!-- deleteSession -->
      </class> <!-- Tests.TC02LandingTest -->
      <class name="Tests.TC05OverviewTest">
        <test-method is-config="true" signature="setup()[pri:0, instance:Tests.TC05OverviewTest@19b843ba]" started-at="٢٠٢٥-٠٨-٢٧T١٨:١٦:٤٥ EEST" name="setup" finished-at="٢٠٢٥-٠٨-٢٧T١٨:١٦:٤٧ EEST" duration-ms="1912" status="PASS">
          <reporter-output>
          </reporter-output>
        </test-method> <!-- setup -->
        <test-method signature="checkoutStepTwoTC()[pri:0, instance:Tests.TC05OverviewTest@19b843ba]" started-at="٢٠٢٥-٠٨-٢٧T١٨:١٦:٤٧ EEST" name="checkoutStepTwoTC" finished-at="٢٠٢٥-٠٨-٢٧T١٨:١٧:٠٠ EEST" duration-ms="12515" status="FAIL">
          <exception class="org.openqa.selenium.TimeoutException">
            <message>
              <![CDATA[Expected condition failed: waiting for element to be clickable: By.id: checkout (tried for ٥ second(s) with ٥٠٠ milliseconds interval)
Build info: version: '4.34.0', revision: '707dcb4246*'
System info: os.name: 'Windows 11', os.arch: 'amd64', os.version: '10.0', java.version: '24.0.1'
Driver info: org.openqa.selenium.chrome.ChromeDriver
Capabilities {acceptInsecureCerts: false, browserName: chrome, browserVersion: 139.0.7258.139, chrome: {chromedriverVersion: 139.0.7258.154 (9e0d6b2b47f..., userDataDir: C:\Users\kingston\AppData\L...}, fedcm:accounts: true, goog:chromeOptions: {debuggerAddress: localhost:58195}, networkConnectionEnabled: false, pageLoadStrategy: normal, platformName: windows, proxy: Proxy(), se:cdp: ws://localhost:58195/devtoo..., se:cdpVersion: 139.0.7258.139, setWindowRect: true, strictFileInteractability: false, timeouts: {implicit: 0, pageLoad: 300000, script: 30000}, unhandledPromptBehavior: dismiss and notify, webauthn:extension:credBlob: true, webauthn:extension:largeBlob: true, webauthn:extension:minPinLength: true, webauthn:extension:prf: true, webauthn:virtualAuthenticators: true}
Session ID: fdcac0103695f78ac3f7be9e99b7d296]]>
            </message>
            <full-stacktrace>
              <![CDATA[org.openqa.selenium.TimeoutException: Expected condition failed: waiting for element to be clickable: By.id: checkout (tried for ٥ second(s) with ٥٠٠ milliseconds interval)
Build info: version: '4.34.0', revision: '707dcb4246*'
System info: os.name: 'Windows 11', os.arch: 'amd64', os.version: '10.0', java.version: '24.0.1'
Driver info: org.openqa.selenium.chrome.ChromeDriver
Capabilities {acceptInsecureCerts: false, browserName: chrome, browserVersion: 139.0.7258.139, chrome: {chromedriverVersion: 139.0.7258.154 (9e0d6b2b47f..., userDataDir: C:\Users\kingston\AppData\L...}, fedcm:accounts: true, goog:chromeOptions: {debuggerAddress: localhost:58195}, networkConnectionEnabled: false, pageLoadStrategy: normal, platformName: windows, proxy: Proxy(), se:cdp: ws://localhost:58195/devtoo..., se:cdpVersion: 139.0.7258.139, setWindowRect: true, strictFileInteractability: false, timeouts: {implicit: 0, pageLoad: 300000, script: 30000}, unhandledPromptBehavior: dismiss and notify, webauthn:extension:credBlob: true, webauthn:extension:largeBlob: true, webauthn:extension:minPinLength: true, webauthn:extension:prf: true, webauthn:virtualAuthenticators: true}
Session ID: fdcac0103695f78ac3f7be9e99b7d296
at org.openqa.selenium.support.ui.WebDriverWait.timeoutException(WebDriverWait.java:84)
at org.openqa.selenium.support.ui.FluentWait.until(FluentWait.java:228)
at Utilities.Utility.clickingOnElement(Utility.java:23)
at Pages.P03_CartPage.clickOnCheckoutButton(P03_CartPage.java:43)
at Tests.TC05OverviewTest.checkoutStepTwoTC(TC05OverviewTest.java:53)
at java.base/jdk.internal.reflect.DirectMethodHandleAccessor.invoke(DirectMethodHandleAccessor.java:104)
at java.base/java.lang.reflect.Method.invoke(Method.java:565)
at org.testng.internal.invokers.MethodInvocationHelper.invokeMethod(MethodInvocationHelper.java:141)
at org.testng.internal.invokers.TestInvoker.invokeMethod(TestInvoker.java:687)
at org.testng.internal.invokers.TestInvoker.invokeTestMethod(TestInvoker.java:230)
at org.testng.internal.invokers.MethodRunner.runInSequence(MethodRunner.java:63)
at org.testng.internal.invokers.TestInvoker$MethodInvocationAgent.invoke(TestInvoker.java:995)
at org.testng.internal.invokers.TestInvoker.invokeTestMethods(TestInvoker.java:203)
at org.testng.internal.invokers.TestMethodWorker.invokeTestMethods(TestMethodWorker.java:154)
at org.testng.internal.invokers.TestMethodWorker.run(TestMethodWorker.java:134)
at java.base/java.util.ArrayList.forEach(ArrayList.java:1604)
at org.testng.TestRunner.privateRun(TestRunner.java:741)
at org.testng.TestRunner.run(TestRunner.java:616)
at org.testng.SuiteRunner.runTest(SuiteRunner.java:421)
at org.testng.SuiteRunner.runSequentially(SuiteRunner.java:413)
at org.testng.SuiteRunner.privateRun(SuiteRunner.java:373)
at org.testng.SuiteRunner.run(SuiteRunner.java:312)
at org.testng.SuiteRunnerWorker.runSuite(SuiteRunnerWorker.java:52)
at org.testng.SuiteRunnerWorker.run(SuiteRunnerWorker.java:95)
at org.testng.TestNG.runSuitesSequentially(TestNG.java:1274)
at org.testng.TestNG.runSuitesLocally(TestNG.java:1208)
at org.testng.TestNG.runSuites(TestNG.java:1112)
at org.testng.TestNG.run(TestNG.java:1079)
at org.apache.maven.surefire.testng.TestNGExecutor.run(TestNGExecutor.java:155)
at org.apache.maven.surefire.testng.TestNGDirectoryTestSuite.executeMulti(TestNGDirectoryTestSuite.java:169)
at org.apache.maven.surefire.testng.TestNGDirectoryTestSuite.execute(TestNGDirectoryTestSuite.java:88)
at org.apache.maven.surefire.testng.TestNGProvider.invoke(TestNGProvider.java:137)
at org.apache.maven.surefire.booter.ForkedBooter.runSuitesInProcess(ForkedBooter.java:385)
at org.apache.maven.surefire.booter.ForkedBooter.execute(ForkedBooter.java:162)
at org.apache.maven.surefire.booter.ForkedBooter.run(ForkedBooter.java:507)
at org.apache.maven.surefire.booter.ForkedBooter.main(ForkedBooter.java:495)
]]>
            </full-stacktrace>
          </exception> <!-- org.openqa.selenium.TimeoutException -->
          <reporter-output>
          </reporter-output>
        </test-method> <!-- checkoutStepTwoTC -->
        <test-method is-config="true" signature="quit()[pri:0, instance:Tests.TC05OverviewTest@19b843ba]" started-at="٢٠٢٥-٠٨-٢٧T١٨:١٧:٠٠ EEST" name="quit" finished-at="٢٠٢٥-٠٨-٢٧T١٨:١٧:٠٠ EEST" duration-ms="434" status="PASS">
          <reporter-output>
          </reporter-output>
        </test-method> <!-- quit -->
      </class> <!-- Tests.TC05OverviewTest -->
      <class name="Tests.TC03CartTest">
        <test-method is-config="true" signature="setup()[pri:0, instance:Tests.TC03CartTest@5b7a7f33]" started-at="٢٠٢٥-٠٨-٢٧T١٨:١٦:٢٦ EEST" name="setup" finished-at="٢٠٢٥-٠٨-٢٧T١٨:١٦:٢٨ EEST" duration-ms="1949" status="PASS">
          <reporter-output>
          </reporter-output>
        </test-method> <!-- setup -->
        <test-method signature="comparingPricesTC()[pri:0, instance:Tests.TC03CartTest@5b7a7f33]" started-at="٢٠٢٥-٠٨-٢٧T١٨:١٦:٢٨ EEST" name="comparingPricesTC" finished-at="٢٠٢٥-٠٨-٢٧T١٨:١٦:٣٠ EEST" duration-ms="2140" status="PASS">
          <reporter-output>
          </reporter-output>
        </test-method> <!-- comparingPricesTC -->
        <test-method is-config="true" signature="quit()[pri:0, instance:Tests.TC03CartTest@5b7a7f33]" started-at="٢٠٢٥-٠٨-٢٧T١٨:١٦:٣٠ EEST" name="quit" finished-at="٢٠٢٥-٠٨-٢٧T١٨:١٦:٣٠ EEST" duration-ms="437" status="PASS">
          <reporter-output>
          </reporter-output>
        </test-method> <!-- quit -->
      </class> <!-- Tests.TC03CartTest -->
      <class name="Tests.TC04CheckoutTest">
        <test-method is-config="true" signature="setup()[pri:0, instance:Tests.TC04CheckoutTest@51bf5add]" started-at="٢٠٢٥-٠٨-٢٧T١٨:١٦:٣٠ EEST" name="setup" finished-at="٢٠٢٥-٠٨-٢٧T١٨:١٦:٣٣ EEST" duration-ms="2176" status="PASS">
          <reporter-output>
          </reporter-output>
        </test-method> <!-- setup -->
        <test-method signature="checkoutStepOneTC()[pri:0, instance:Tests.TC04CheckoutTest@51bf5add]" started-at="٢٠٢٥-٠٨-٢٧T١٨:١٦:٣٣ EEST" name="checkoutStepOneTC" finished-at="٢٠٢٥-٠٨-٢٧T١٨:١٦:٤٥ EEST" duration-ms="11966" status="FAIL">
          <exception class="org.openqa.selenium.TimeoutException">
            <message>
              <![CDATA[Expected condition failed: waiting for element to be clickable: By.id: checkout (tried for ٥ second(s) with ٥٠٠ milliseconds interval)
Build info: version: '4.34.0', revision: '707dcb4246*'
System info: os.name: 'Windows 11', os.arch: 'amd64', os.version: '10.0', java.version: '24.0.1'
Driver info: org.openqa.selenium.chrome.ChromeDriver
Capabilities {acceptInsecureCerts: false, browserName: chrome, browserVersion: 139.0.7258.139, chrome: {chromedriverVersion: 139.0.7258.154 (9e0d6b2b47f..., userDataDir: C:\Users\kingston\AppData\L...}, fedcm:accounts: true, goog:chromeOptions: {debuggerAddress: localhost:58157}, networkConnectionEnabled: false, pageLoadStrategy: normal, platformName: windows, proxy: Proxy(), se:cdp: ws://localhost:58157/devtoo..., se:cdpVersion: 139.0.7258.139, setWindowRect: true, strictFileInteractability: false, timeouts: {implicit: 0, pageLoad: 300000, script: 30000}, unhandledPromptBehavior: dismiss and notify, webauthn:extension:credBlob: true, webauthn:extension:largeBlob: true, webauthn:extension:minPinLength: true, webauthn:extension:prf: true, webauthn:virtualAuthenticators: true}
Session ID: 9637c1b33d62d91aa0592f00476c7971]]>
            </message>
            <full-stacktrace>
              <![CDATA[org.openqa.selenium.TimeoutException: Expected condition failed: waiting for element to be clickable: By.id: checkout (tried for ٥ second(s) with ٥٠٠ milliseconds interval)
Build info: version: '4.34.0', revision: '707dcb4246*'
System info: os.name: 'Windows 11', os.arch: 'amd64', os.version: '10.0', java.version: '24.0.1'
Driver info: org.openqa.selenium.chrome.ChromeDriver
Capabilities {acceptInsecureCerts: false, browserName: chrome, browserVersion: 139.0.7258.139, chrome: {chromedriverVersion: 139.0.7258.154 (9e0d6b2b47f..., userDataDir: C:\Users\kingston\AppData\L...}, fedcm:accounts: true, goog:chromeOptions: {debuggerAddress: localhost:58157}, networkConnectionEnabled: false, pageLoadStrategy: normal, platformName: windows, proxy: Proxy(), se:cdp: ws://localhost:58157/devtoo..., se:cdpVersion: 139.0.7258.139, setWindowRect: true, strictFileInteractability: false, timeouts: {implicit: 0, pageLoad: 300000, script: 30000}, unhandledPromptBehavior: dismiss and notify, webauthn:extension:credBlob: true, webauthn:extension:largeBlob: true, webauthn:extension:minPinLength: true, webauthn:extension:prf: true, webauthn:virtualAuthenticators: true}
Session ID: 9637c1b33d62d91aa0592f00476c7971
at org.openqa.selenium.support.ui.WebDriverWait.timeoutException(WebDriverWait.java:84)
at org.openqa.selenium.support.ui.FluentWait.until(FluentWait.java:228)
at Utilities.Utility.clickingOnElement(Utility.java:23)
at Pages.P03_CartPage.clickOnCheckoutButton(P03_CartPage.java:43)
at Tests.TC04CheckoutTest.checkoutStepOneTC(TC04CheckoutTest.java:57)
at java.base/jdk.internal.reflect.DirectMethodHandleAccessor.invoke(DirectMethodHandleAccessor.java:104)
at java.base/java.lang.reflect.Method.invoke(Method.java:565)
at org.testng.internal.invokers.MethodInvocationHelper.invokeMethod(MethodInvocationHelper.java:141)
at org.testng.internal.invokers.TestInvoker.invokeMethod(TestInvoker.java:687)
at org.testng.internal.invokers.TestInvoker.invokeTestMethod(TestInvoker.java:230)
at org.testng.internal.invokers.MethodRunner.runInSequence(MethodRunner.java:63)
at org.testng.internal.invokers.TestInvoker$MethodInvocationAgent.invoke(TestInvoker.java:995)
at org.testng.internal.invokers.TestInvoker.invokeTestMethods(TestInvoker.java:203)
at org.testng.internal.invokers.TestMethodWorker.invokeTestMethods(TestMethodWorker.java:154)
at org.testng.internal.invokers.TestMethodWorker.run(TestMethodWorker.java:134)
at java.base/java.util.ArrayList.forEach(ArrayList.java:1604)
at org.testng.TestRunner.privateRun(TestRunner.java:741)
at org.testng.TestRunner.run(TestRunner.java:616)
at org.testng.SuiteRunner.runTest(SuiteRunner.java:421)
at org.testng.SuiteRunner.runSequentially(SuiteRunner.java:413)
at org.testng.SuiteRunner.privateRun(SuiteRunner.java:373)
at org.testng.SuiteRunner.run(SuiteRunner.java:312)
at org.testng.SuiteRunnerWorker.runSuite(SuiteRunnerWorker.java:52)
at org.testng.SuiteRunnerWorker.run(SuiteRunnerWorker.java:95)
at org.testng.TestNG.runSuitesSequentially(TestNG.java:1274)
at org.testng.TestNG.runSuitesLocally(TestNG.java:1208)
at org.testng.TestNG.runSuites(TestNG.java:1112)
at org.testng.TestNG.run(TestNG.java:1079)
at org.apache.maven.surefire.testng.TestNGExecutor.run(TestNGExecutor.java:155)
at org.apache.maven.surefire.testng.TestNGDirectoryTestSuite.executeMulti(TestNGDirectoryTestSuite.java:169)
at org.apache.maven.surefire.testng.TestNGDirectoryTestSuite.execute(TestNGDirectoryTestSuite.java:88)
at org.apache.maven.surefire.testng.TestNGProvider.invoke(TestNGProvider.java:137)
at org.apache.maven.surefire.booter.ForkedBooter.runSuitesInProcess(ForkedBooter.java:385)
at org.apache.maven.surefire.booter.ForkedBooter.execute(ForkedBooter.java:162)
at org.apache.maven.surefire.booter.ForkedBooter.run(ForkedBooter.java:507)
at org.apache.maven.surefire.booter.ForkedBooter.main(ForkedBooter.java:495)
]]>
            </full-stacktrace>
          </exception> <!-- org.openqa.selenium.TimeoutException -->
          <reporter-output>
          </reporter-output>
        </test-method> <!-- checkoutStepOneTC -->
        <test-method is-config="true" signature="quit()[pri:0, instance:Tests.TC04CheckoutTest@51bf5add]" started-at="٢٠٢٥-٠٨-٢٧T١٨:١٦:٤٥ EEST" name="quit" finished-at="٢٠٢٥-٠٨-٢٧T١٨:١٦:٤٥ EEST" duration-ms="583" status="PASS">
          <reporter-output>
          </reporter-output>
        </test-method> <!-- quit -->
      </class> <!-- Tests.TC04CheckoutTest -->
    </test> <!-- Surefire test -->
  </suite> <!-- Surefire suite -->
</testng-results>
